<?xml version="1.0" encoding="UTF-8"?>
<!-- Generated by org.testng.reporters.JUnitReportReporter -->
<testsuite hostname="Umalucky" failures="0" tests="3" name="com.ibibo.testscripts.hotelsscripts" time="239.073" errors="0" timestamp="2020-06-16T22:33:22 EDT" skipped="0">
  <testcase classname="com.ibibo.testscripts.hotelsscripts" name="Tc_01_searchhotel" time="100.273"/>
  <system-out/>
  <testcase classname="com.ibibo.testscripts.hotelsscripts" name="Tc_04_searchhotel" time="54.953"/>
  <system-out/>
  <testcase classname="com.ibibo.testscripts.hotelsscripts" name="Tc_03_searchhotel" time="83.847"/>
  <system-out/>
</testsuite> <!-- com.ibibo.testscripts.hotelsscripts -->
